Change Component Designator: OldDesignator=Crystal NewDesignator=*
Change Component Designator: OldDesignator=Q1 NewDesignator=T1
Added Component: Designator=GND(PIN1)
Add component (AddParameter): Name = "Component Type"; Value = "Standard"; VariantName = "[No Variations]"
Add component (AddParameter): Name = "DatasheetDocument"; Value = ""; VariantName = "[No Variations]"
Add component (AddParameter): Name = "Design Item ID"; Value = "Plug"; VariantName = "[No Variations]"
Add component (AddParameter): Name = "DrillSize"; Value = ""; VariantName = "[No Variations]"
Add component (AddParameter): Name = "Gender"; Value = ""; VariantName = "[No Variations]"
Add component (AddParameter): Name = "LatestRevisionDate"; Value = "17-Jul-2002"; VariantName = "[No Variations]"
Add component (AddParameter): Name = "LatestRevisionNote"; Value = "Re-released for DXP Platform."; VariantName = "[No Variations]"
Add component (AddParameter): Name = "MaximumRating"; Value = ""; VariantName = "[No Variations]"
Add component (AddParameter): Name = "MountingFixtures"; Value = ""; VariantName = "[No Variations]"
Add component (AddParameter): Name = "Note"; Value = ""; VariantName = "[No Variations]"
Add component (AddParameter): Name = "Orientation"; Value = ""; VariantName = "[No Variations]"
Add component (AddParameter): Name = "PackageDocument"; Value = ""; VariantName = "[No Variations]"
Add component (AddParameter): Name = "PackageReference"; Value = ""; VariantName = "[No Variations]"
Add component (AddParameter): Name = "PCB_Layout"; Value = ""; VariantName = "[No Variations]"
Add component (AddParameter): Name = "Pin Count"; Value = "1"; VariantName = "[No Variations]"
Add component (AddParameter): Name = "Positions"; Value = ""; VariantName = "[No Variations]"
Add component (AddParameter): Name = "Published"; Value = ""; VariantName = "[No Variations]"
Add component (AddParameter): Name = "Publisher"; Value = "Altium Limited"; VariantName = "[No Variations]"
Add component (AddParameter): Name = "Source"; Value = "Miscellaneous Connectors.SchLib"; VariantName = "[No Variations]"
Add component (AddParameter): Name = "Terminations"; Value = ""; VariantName = "[No Variations]"
Added Component: Designator=P Q(PIN1)
Add component (AddParameter): Name = "Component Type"; Value = "Standard"; VariantName = "[No Variations]"
Add component (AddParameter): Name = "DatasheetDocument"; Value = ""; VariantName = "[No Variations]"
Add component (AddParameter): Name = "Design Item ID"; Value = "Plug"; VariantName = "[No Variations]"
Add component (AddParameter): Name = "DrillSize"; Value = ""; VariantName = "[No Variations]"
Add component (AddParameter): Name = "Gender"; Value = ""; VariantName = "[No Variations]"
Add component (AddParameter): Name = "LatestRevisionDate"; Value = "17-Jul-2002"; VariantName = "[No Variations]"
Add component (AddParameter): Name = "LatestRevisionNote"; Value = "Re-released for DXP Platform."; VariantName = "[No Variations]"
Add component (AddParameter): Name = "MaximumRating"; Value = ""; VariantName = "[No Variations]"
Add component (AddParameter): Name = "MountingFixtures"; Value = ""; VariantName = "[No Variations]"
Add component (AddParameter): Name = "Note"; Value = ""; VariantName = "[No Variations]"
Add component (AddParameter): Name = "Orientation"; Value = ""; VariantName = "[No Variations]"
Add component (AddParameter): Name = "PackageDocument"; Value = ""; VariantName = "[No Variations]"
Add component (AddParameter): Name = "PackageReference"; Value = ""; VariantName = "[No Variations]"
Add component (AddParameter): Name = "PCB_Layout"; Value = ""; VariantName = "[No Variations]"
Add component (AddParameter): Name = "Pin Count"; Value = "1"; VariantName = "[No Variations]"
Add component (AddParameter): Name = "Positions"; Value = ""; VariantName = "[No Variations]"
Add component (AddParameter): Name = "Published"; Value = ""; VariantName = "[No Variations]"
Add component (AddParameter): Name = "Publisher"; Value = "Altium Limited"; VariantName = "[No Variations]"
Add component (AddParameter): Name = "Source"; Value = "Miscellaneous Connectors.SchLib"; VariantName = "[No Variations]"
Add component (AddParameter): Name = "Terminations"; Value = ""; VariantName = "[No Variations]"
Added Pin To Net: NetName=GND Pin=GND-1
Added Pin To Net: NetName=Net*_2 Pin=P Q-1
Added Member To Class: ClassName=CrySCHE Member=Component GND
Added Member To Class: ClassName=CrySCHE Member=Component P Q
