Removed Pin From Net: NetName=NetP Vcc_1 Pin=Rc-2
Change Component Designator: OldDesignator=P GND1 NewDesignator=P G1
Change Component Designator: OldDesignator=P R1 NewDesignator=P L1D
Change Component Designator: OldDesignator=P R1 NewDesignator=P L1S
Change Component Designator: OldDesignator=P R2 NewDesignator=P L23
Change Component Designator: OldDesignator=P R2 NewDesignator=P L32
Change Component Designator: OldDesignator=Rc NewDesignator=Rc2
Change component parameters: Designator = "Rc" ("Rc"); Footprint = "AXIAL-0.4"; UniqueID = "\KVYQXZZV" ("\KVYQXZZV")
Change component parameters (AddParameter): Name = "Case/Package"; Value = "Axial Device, Thru-Hole; 2 Leads; 0.4 in Pin Spacing"; VariantName = "[No Variations]"
Change component parameters (AddParameter): Name = "Code_IPC"; Value = ""; VariantName = "[No Variations]"
Change component parameters (AddParameter): Name = "Code_JEDEC"; Value = ""; VariantName = "[No Variations]"
Change component parameters (AddParameter): Name = "Component Type"; Value = "Standard"; VariantName = "[No Variations]"
Change component parameters (AddParameter): Name = "DatasheetVersion"; Value = ""; VariantName = "[No Variations]"
Change component parameters (AddParameter): Name = "Design Item ID"; Value = "Res2"; VariantName = "[No Variations]"
Change component parameters (AddParameter): Name = "LatestRevisionDate"; Value = "17-Jul-2002"; VariantName = "[No Variations]"
Change component parameters (AddParameter): Name = "LatestRevisionNote"; Value = "Re-released for DXP Platform."; VariantName = "[No Variations]"
Change component parameters (AddParameter): Name = "PackageReference"; Value = "AXIAL-0.4"; VariantName = "[No Variations]"
Change component parameters (AddParameter): Name = "PackageVersion"; Value = ""; VariantName = "[No Variations]"
Change component parameters (AddParameter): Name = "Pins"; Value = "2"; VariantName = "[No Variations]"
Change component parameters (AddParameter): Name = "Published"; Value = "8-Jun-2000"; VariantName = "[No Variations]"
Change component parameters (AddParameter): Name = "Publisher"; Value = "Altium Limited"; VariantName = "[No Variations]"
Change component parameters (AddParameter): Name = "Set Position"; Value = ""; VariantName = "[No Variations]"
Change component parameters (AddParameter): Name = "Sim Note"; Value = ""; VariantName = "[No Variations]"
Change component parameters (AddParameter): Name = "Source"; Value = "Miscellaneous Devices.SchLib"; VariantName = "[No Variations]"
Change component parameters (AddParameter): Name = "Value"; Value = "2.2k"; VariantName = "[No Variations]"
Added Component: Designator=Rc1(AXIAL-0.4)
Add component (AddParameter): Name = "Case/Package"; Value = "Axial Device, Thru-Hole; 2 Leads; 0.4 in Pin Spacing"; VariantName = "[No Variations]"
Add component (AddParameter): Name = "Code_IPC"; Value = ""; VariantName = "[No Variations]"
Add component (AddParameter): Name = "Code_JEDEC"; Value = ""; VariantName = "[No Variations]"
Add component (AddParameter): Name = "Component Type"; Value = "Standard"; VariantName = "[No Variations]"
Add component (AddParameter): Name = "DatasheetVersion"; Value = ""; VariantName = "[No Variations]"
Add component (AddParameter): Name = "Design Item ID"; Value = "Res2"; VariantName = "[No Variations]"
Add component (AddParameter): Name = "LatestRevisionDate"; Value = "17-Jul-2002"; VariantName = "[No Variations]"
Add component (AddParameter): Name = "LatestRevisionNote"; Value = "Re-released for DXP Platform."; VariantName = "[No Variations]"
Add component (AddParameter): Name = "PackageReference"; Value = "AXIAL-0.4"; VariantName = "[No Variations]"
Add component (AddParameter): Name = "PackageVersion"; Value = ""; VariantName = "[No Variations]"
Add component (AddParameter): Name = "Pins"; Value = "2"; VariantName = "[No Variations]"
Add component (AddParameter): Name = "Published"; Value = "8-Jun-2000"; VariantName = "[No Variations]"
Add component (AddParameter): Name = "Publisher"; Value = "Altium Limited"; VariantName = "[No Variations]"
Add component (AddParameter): Name = "Set Position"; Value = ""; VariantName = "[No Variations]"
Add component (AddParameter): Name = "Sim Note"; Value = ""; VariantName = "[No Variations]"
Add component (AddParameter): Name = "Source"; Value = "Miscellaneous Devices.SchLib"; VariantName = "[No Variations]"
Add component (AddParameter): Name = "Value"; Value = "470"; VariantName = "[No Variations]"
Added Pin To Net: NetName=NetP Vcc_1 Pin=Rc1-2
Added Pin To Net: NetName=NetRc1_1 Pin=Rc1-1
Added Pin To Net: NetName=NetRc1_1 Pin=Rc2-2
Added Net: Name=NetRc1_1
Added Member To Class: ClassName=SheetOscilator Member=Component P L1S Plug
Added Member To Class: ClassName=SheetOscilator Member=Component P L32 Plug
Added Member To Class: ClassName=SheetOscilator Member=Component Rc1 Res2
