Removed Pin From Net: NetName=NetP TE_1 Pin=Q1-1
Removed Pin From Net: NetName=NetC1_2 Pin=Q1-2
Removed Pin From Net: NetName=NetJumper C3_2 Pin=Q1-3
Removed Member From Class: ClassName=SheetOscilator Member=Q1
Change Component Designator: OldDesignator=P GND1 NewDesignator=P G1
Change Component Designator: OldDesignator=P R1 NewDesignator=P L1D
Change Component Designator: OldDesignator=P R1 NewDesignator=P L1S
Change Component Designator: OldDesignator=P R2 NewDesignator=P L23
Change Component Designator: OldDesignator=P R2 NewDesignator=P L32
Change component parameters: Designator = "Rc" ("Rc"); Footprint = "AXIAL-0.4"; UniqueID = "\KVYQXZZV" ("\KVYQXZZV")
Change component parameters (AddParameter): Name = "Case/Package"; Value = "Axial Device, Thru-Hole; 2 Leads; 0.4 in Pin Spacing"; VariantName = "[No Variations]"
Change component parameters (AddParameter): Name = "Code_IPC"; Value = ""; VariantName = "[No Variations]"
Change component parameters (AddParameter): Name = "Code_JEDEC"; Value = ""; VariantName = "[No Variations]"
Change component parameters (AddParameter): Name = "Component Type"; Value = "Standard"; VariantName = "[No Variations]"
Change component parameters (AddParameter): Name = "DatasheetVersion"; Value = ""; VariantName = "[No Variations]"
Change component parameters (AddParameter): Name = "Design Item ID"; Value = "Res2"; VariantName = "[No Variations]"
Change component parameters (AddParameter): Name = "LatestRevisionDate"; Value = "17-Jul-2002"; VariantName = "[No Variations]"
Change component parameters (AddParameter): Name = "LatestRevisionNote"; Value = "Re-released for DXP Platform."; VariantName = "[No Variations]"
Change component parameters (AddParameter): Name = "PackageReference"; Value = "AXIAL-0.4"; VariantName = "[No Variations]"
Change component parameters (AddParameter): Name = "PackageVersion"; Value = ""; VariantName = "[No Variations]"
Change component parameters (AddParameter): Name = "Pins"; Value = "2"; VariantName = "[No Variations]"
Change component parameters (AddParameter): Name = "Published"; Value = "8-Jun-2000"; VariantName = "[No Variations]"
Change component parameters (AddParameter): Name = "Publisher"; Value = "Altium Limited"; VariantName = "[No Variations]"
Change component parameters (AddParameter): Name = "Set Position"; Value = ""; VariantName = "[No Variations]"
Change component parameters (AddParameter): Name = "Sim Note"; Value = ""; VariantName = "[No Variations]"
Change component parameters (AddParameter): Name = "Source"; Value = "Miscellaneous Devices.SchLib"; VariantName = "[No Variations]"
Change component parameters (AddParameter): Name = "Value"; Value = "2.7k"; VariantName = "[No Variations]"
Added Component: Designator=T1(TO-226-AA)
Add component (AddParameter): Name = "Code_IPC"; Value = ""; VariantName = "[No Variations]"
Add component (AddParameter): Name = "Code_JEDEC"; Value = "TO-226-AA"; VariantName = "[No Variations]"
Add component (AddParameter): Name = "Code_JEITA"; Value = ""; VariantName = "[No Variations]"
Add component (AddParameter): Name = "Component Type"; Value = "Standard"; VariantName = "[No Variations]"
Add component (AddParameter): Name = "DatasheetVersion"; Value = ""; VariantName = "[No Variations]"
Add component (AddParameter): Name = "Design Item ID"; Value = "NPN"; VariantName = "[No Variations]"
Add component (AddParameter): Name = "LatestRevisionDate"; Value = "17-Jul-2002"; VariantName = "[No Variations]"
Add component (AddParameter): Name = "LatestRevisionNote"; Value = "Re-released for DXP Platform."; VariantName = "[No Variations]"
Add component (AddParameter): Name = "Note"; Value = ""; VariantName = "[No Variations]"
Add component (AddParameter): Name = "PackageDescription"; Value = "TO, Flat Index; 3 In-Line, Axial Leads; Body Dia. 4.8mm; Leads 0.55 x 0.51 mm (max)"; VariantName = "[No Variations]"
Add component (AddParameter): Name = "PackageReference"; Value = "TO-226-AA"; VariantName = "[No Variations]"
Add component (AddParameter): Name = "PackageVersion"; Value = ""; VariantName = "[No Variations]"
Add component (AddParameter): Name = "Pin Count"; Value = "3"; VariantName = "[No Variations]"
Add component (AddParameter): Name = "Published"; Value = "8-Jun-2000"; VariantName = "[No Variations]"
Add component (AddParameter): Name = "Publisher"; Value = "Altium Limited"; VariantName = "[No Variations]"
Add component (AddParameter): Name = "Source"; Value = "Miscellaneous Devices.SchLib"; VariantName = "[No Variations]"
Added Pin To Net: NetName=NetJumper C3_2 Pin=T1-1
Added Pin To Net: NetName=NetC1_2 Pin=T1-2
Added Pin To Net: NetName=NetP TE_1 Pin=T1-3
Added Member To Class: ClassName=SheetOscilator Member=Component P G1 Plug
Added Member To Class: ClassName=SheetOscilator Member=Component P L1D Plug
Added Member To Class: ClassName=SheetOscilator Member=Component P L1S Plug
Added Member To Class: ClassName=SheetOscilator Member=Component P L23 Plug
Added Member To Class: ClassName=SheetOscilator Member=Component P L32 Plug
Added Member To Class: ClassName=SheetOscilator Member=Component Rc Res2
Added Member To Class: ClassName=SheetOscilator Member=Component T1 NPN
