Change Component Footprint: Designator=L1 Old Footprint=0402-A New Footprint=FP-FIT50-7-MFG
Change Component Footprint: Designator=L2 Old Footprint=0402-A New Footprint=FP-FIT50-7-MFG
Change Component Footprint: Designator=L3 Old Footprint=0402-A New Footprint=FP-FIT50-7-MFG
Change Component Comment : Designator=L2 Old Comment=Inductor New Comment=2uH
Change Component Comment : Designator=L1 Old Comment=Inductor New Comment=25uH
Change Component Comment : Designator=L3 Old Comment=Inductor New Comment=25uH
Change Managed Component Library Link : Designator=L1 Old VaultGUID=F972DAC6-C493-4676-BC28-A72BC85A54AE New VaultGUID=B7D15EC3-160A-466F-A46C-7801FE6295A7 Old ItemGUID=C097A18C-2227-4C83-B23D-F7319906F5CA New ItemGUID=88A225FC-5969-426B-9342-4858724A016A Old RevisionGUID=6CBEC52C-4591-40D4-8C02-665C344D7288 New RevisionGUID=79C060CB-AEB0-4114-A7D0-F346010A5E9E
Change Managed Component Library Link : Designator=L2 Old VaultGUID=F972DAC6-C493-4676-BC28-A72BC85A54AE New VaultGUID=B7D15EC3-160A-466F-A46C-7801FE6295A7 Old ItemGUID=B096AE36-233B-4BE8-A1A9-F7C59BEEDCB7 New ItemGUID=88A225FC-5969-426B-9342-4858724A016A Old RevisionGUID=AB196A24-0214-41F4-AF61-A8C3428654ED New RevisionGUID=79C060CB-AEB0-4114-A7D0-F346010A5E9E
Change Managed Component Library Link : Designator=L3 Old VaultGUID=F972DAC6-C493-4676-BC28-A72BC85A54AE New VaultGUID=B7D15EC3-160A-466F-A46C-7801FE6295A7 Old ItemGUID=C097A18C-2227-4C83-B23D-F7319906F5CA New ItemGUID=88A225FC-5969-426B-9342-4858724A016A Old RevisionGUID=6CBEC52C-4591-40D4-8C02-665C344D7288 New RevisionGUID=79C060CB-AEB0-4114-A7D0-F346010A5E9E
Change component parameters: Designator = "L1" ("L1"); Footprint = "0402-A"; UniqueID = "\KENBIELK" ("\KENBIELK")
Change component parameters (AddParameter): Name = "Case/Package"; Value = "Radial"; VariantName = "[No Variations]"
Change component parameters (AddParameter): Name = "Current Rating"; Value = "8.1A"; VariantName = "[No Variations]"
Change component parameters (AddParameter): Name = "DC Resistance (DCR)"; Value = "11mR"; VariantName = "[No Variations]"
Change component parameters (AddParameter): Name = "Height"; Value = "0.75inch"; VariantName = "[No Variations]"
Change component parameters (AddParameter): Name = "Inductance"; Value = "8.86uH"; VariantName = "[No Variations]"
Change component parameters (AddParameter): Name = "Lead Free"; Value = "Lead Free"; VariantName = "[No Variations]"
Change component parameters (AddParameter): Name = "Lead Pitch"; Value = "7.62mm"; VariantName = "[No Variations]"
Change component parameters (AddParameter): Name = "Length"; Value = "0.7inch"; VariantName = "[No Variations]"
Change component parameters (AddParameter): Name = "Max DC Current"; Value = "8.1A"; VariantName = "[No Variations]"
Change component parameters (AddParameter): Name = "Mount"; Value = "Through Hole"; VariantName = "[No Variations]"
Change component parameters (AddParameter): Name = "Number of Pins"; Value = "2"; VariantName = "[No Variations]"
Change component parameters (AddParameter): Name = "Package Quantity"; Value = "1"; VariantName = "[No Variations]"
Change component parameters (AddParameter): Name = "Packaging"; Value = "Bulk"; VariantName = "[No Variations]"
Change component parameters (AddParameter): Name = "Resistance"; Value = "0.011R"; VariantName = "[No Variations]"
Change component parameters (AddParameter): Name = "RoHS Compliant"; Value = "Yes"; VariantName = "[No Variations]"
Change component parameters (AddParameter): Name = "Series"; Value = "FIT"; VariantName = "[No Variations]"
Change component parameters (AddParameter): Name = "Shielding"; Value = "Unshielded"; VariantName = "[No Variations]"
Change component parameters (AddParameter): Name = "Termination"; Value = "Through Hole"; VariantName = "[No Variations]"
Change component parameters (AddParameter): Name = "Test Frequency"; Value = "10kHz"; VariantName = "[No Variations]"
Change component parameters (AddParameter): Name = "Tolerance"; Value = "10%"; VariantName = "[No Variations]"
Change component parameters (AddParameter): Name = "Weight"; Value = "0.192oz"; VariantName = "[No Variations]"
Change component parameters (AddParameter): Name = "Width"; Value = "0.475inch"; VariantName = "[No Variations]"
Change component parameters: Designator = "L2" ("L2"); Footprint = "0402-A"; UniqueID = "\DCIJJHST" ("\DCIJJHST")
Change component parameters (AddParameter): Name = "Case/Package"; Value = "Radial"; VariantName = "[No Variations]"
Change component parameters (AddParameter): Name = "Current Rating"; Value = "8.1A"; VariantName = "[No Variations]"
Change component parameters (AddParameter): Name = "DC Resistance (DCR)"; Value = "11mR"; VariantName = "[No Variations]"
Change component parameters (AddParameter): Name = "Height"; Value = "0.75inch"; VariantName = "[No Variations]"
Change component parameters (AddParameter): Name = "Inductance"; Value = "8.86uH"; VariantName = "[No Variations]"
Change component parameters (AddParameter): Name = "Lead Free"; Value = "Lead Free"; VariantName = "[No Variations]"
Change component parameters (AddParameter): Name = "Lead Pitch"; Value = "7.62mm"; VariantName = "[No Variations]"
Change component parameters (AddParameter): Name = "Length"; Value = "0.7inch"; VariantName = "[No Variations]"
Change component parameters (AddParameter): Name = "Max DC Current"; Value = "8.1A"; VariantName = "[No Variations]"
Change component parameters (AddParameter): Name = "Mount"; Value = "Through Hole"; VariantName = "[No Variations]"
Change component parameters (AddParameter): Name = "Number of Pins"; Value = "2"; VariantName = "[No Variations]"
Change component parameters (AddParameter): Name = "Package Quantity"; Value = "1"; VariantName = "[No Variations]"
Change component parameters (AddParameter): Name = "Packaging"; Value = "Bulk"; VariantName = "[No Variations]"
Change component parameters (AddParameter): Name = "Resistance"; Value = "0.011R"; VariantName = "[No Variations]"
Change component parameters (AddParameter): Name = "RoHS Compliant"; Value = "Yes"; VariantName = "[No Variations]"
Change component parameters (AddParameter): Name = "Series"; Value = "FIT"; VariantName = "[No Variations]"
Change component parameters (AddParameter): Name = "Shielding"; Value = "Unshielded"; VariantName = "[No Variations]"
Change component parameters (AddParameter): Name = "Termination"; Value = "Through Hole"; VariantName = "[No Variations]"
Change component parameters (AddParameter): Name = "Test Frequency"; Value = "10kHz"; VariantName = "[No Variations]"
Change component parameters (AddParameter): Name = "Tolerance"; Value = "10%"; VariantName = "[No Variations]"
Change component parameters (AddParameter): Name = "Weight"; Value = "0.192oz"; VariantName = "[No Variations]"
Change component parameters (AddParameter): Name = "Width"; Value = "0.475inch"; VariantName = "[No Variations]"
Change component parameters: Designator = "L3" ("L3"); Footprint = "0402-A"; UniqueID = "\YQXRZVLE" ("\YQXRZVLE")
Change component parameters (AddParameter): Name = "Case/Package"; Value = "Radial"; VariantName = "[No Variations]"
Change component parameters (AddParameter): Name = "Current Rating"; Value = "8.1A"; VariantName = "[No Variations]"
Change component parameters (AddParameter): Name = "DC Resistance (DCR)"; Value = "11mR"; VariantName = "[No Variations]"
Change component parameters (AddParameter): Name = "Height"; Value = "0.75inch"; VariantName = "[No Variations]"
Change component parameters (AddParameter): Name = "Inductance"; Value = "8.86uH"; VariantName = "[No Variations]"
Change component parameters (AddParameter): Name = "Lead Free"; Value = "Lead Free"; VariantName = "[No Variations]"
Change component parameters (AddParameter): Name = "Lead Pitch"; Value = "7.62mm"; VariantName = "[No Variations]"
Change component parameters (AddParameter): Name = "Length"; Value = "0.7inch"; VariantName = "[No Variations]"
Change component parameters (AddParameter): Name = "Max DC Current"; Value = "8.1A"; VariantName = "[No Variations]"
Change component parameters (AddParameter): Name = "Mount"; Value = "Through Hole"; VariantName = "[No Variations]"
Change component parameters (AddParameter): Name = "Number of Pins"; Value = "2"; VariantName = "[No Variations]"
Change component parameters (AddParameter): Name = "Package Quantity"; Value = "1"; VariantName = "[No Variations]"
Change component parameters (AddParameter): Name = "Packaging"; Value = "Bulk"; VariantName = "[No Variations]"
Change component parameters (AddParameter): Name = "Resistance"; Value = "0.011R"; VariantName = "[No Variations]"
Change component parameters (AddParameter): Name = "RoHS Compliant"; Value = "Yes"; VariantName = "[No Variations]"
Change component parameters (AddParameter): Name = "Series"; Value = "FIT"; VariantName = "[No Variations]"
Change component parameters (AddParameter): Name = "Shielding"; Value = "Unshielded"; VariantName = "[No Variations]"
Change component parameters (AddParameter): Name = "Termination"; Value = "Through Hole"; VariantName = "[No Variations]"
Change component parameters (AddParameter): Name = "Test Frequency"; Value = "10kHz"; VariantName = "[No Variations]"
Change component parameters (AddParameter): Name = "Tolerance"; Value = "10%"; VariantName = "[No Variations]"
Change component parameters (AddParameter): Name = "Weight"; Value = "0.192oz"; VariantName = "[No Variations]"
Change component parameters (AddParameter): Name = "Width"; Value = "0.475inch"; VariantName = "[No Variations]"
Added Member To Class: ClassName=SheetOscilator Member=Component L1 25uH
Added Member To Class: ClassName=SheetOscilator Member=Component L2 2uH
Added Member To Class: ClassName=SheetOscilator Member=Component L3 25uH
