Removed Pin From Net: NetName=NetC1_1 Pin=P H3L2-2
Removed Pin From Net: NetName=NetC1_1 Pin=Vin-1
Added Component: Designator=Jum C1(HDR1X3)
Add component (AddParameter): Name = "Case/Package"; Value = ""; VariantName = "[No Variations]"
Add component (AddParameter): Name = "Component Type"; Value = "Standard"; VariantName = "[No Variations]"
Add component (AddParameter): Name = "ContactPlating"; Value = ""; VariantName = "[No Variations]"
Add component (AddParameter): Name = "DatasheetDocument"; Value = ""; VariantName = "[No Variations]"
Add component (AddParameter): Name = "Design Item ID"; Value = "Header 3"; VariantName = "[No Variations]"
Add component (AddParameter): Name = "DrillAndSlotSize"; Value = ""; VariantName = "[No Variations]"
Add component (AddParameter): Name = "DrillSize"; Value = ""; VariantName = "[No Variations]"
Add component (AddParameter): Name = "Gender"; Value = ""; VariantName = "[No Variations]"
Add component (AddParameter): Name = "LatestRevisionDate"; Value = "17-Jul-2002"; VariantName = "[No Variations]"
Add component (AddParameter): Name = "LatestRevisionNote"; Value = "Re-released for DXP Platform."; VariantName = "[No Variations]"
Add component (AddParameter): Name = "MaximumRating"; Value = ""; VariantName = "[No Variations]"
Add component (AddParameter): Name = "MountingFixtures"; Value = ""; VariantName = "[No Variations]"
Add component (AddParameter): Name = "Note"; Value = ""; VariantName = "[No Variations]"
Add component (AddParameter): Name = "Orientation"; Value = ""; VariantName = "[No Variations]"
Add component (AddParameter): Name = "PackageReference"; Value = ""; VariantName = "[No Variations]"
Add component (AddParameter): Name = "PCB_Layout"; Value = ""; VariantName = "[No Variations]"
Add component (AddParameter): Name = "Pins"; Value = "3"; VariantName = "[No Variations]"
Add component (AddParameter): Name = "Positions"; Value = ""; VariantName = "[No Variations]"
Add component (AddParameter): Name = "Published"; Value = ""; VariantName = "[No Variations]"
Add component (AddParameter): Name = "Publisher"; Value = "Altium Limited"; VariantName = "[No Variations]"
Add component (AddParameter): Name = "Source"; Value = "Miscellaneous Connectors.SchLib"; VariantName = "[No Variations]"
Add component (AddParameter): Name = "Terminations"; Value = ""; VariantName = "[No Variations]"
Added Pin To Net: NetName=NetC1_1 Pin=Jum C1-2
Added Pin To Net: NetName=NetJum C1_1 Pin=Jum C1-1
Added Pin To Net: NetName=NetJum C1_1 Pin=P H3L2-2
Added Net: Name=NetJum C1_1
Added Pin To Net: NetName=NetJum C1_3 Pin=Jum C1-3
Added Pin To Net: NetName=NetJum C1_3 Pin=Vin-1
Added Net: Name=NetJum C1_3
Added Member To Class: ClassName=SheetOscilator Member=Component Jum C1 Header 3
