Removed Pin From Net: NetName=NetC4_2 Pin=P H3L3-1
Removed Pin From Net: NetName=NetC4_2 Pin=P L32-1
Add Component: Footprint Not Found VR5
Added Component: Designator=Rpot(Potentiometer)
Add component (AddParameter): Name = "Design Item ID"; Value = "Potentiometer Custom"; VariantName = "[No Variations]"
Add component (AddParameter): Name = "Source"; Value = "RpotCustomLib.SchLib"; VariantName = "[No Variations]"
Added Component: Designator=VR?(BOUR-3362P)
Add component (AddParameter): Name = "Case/Package"; Value = "3326P"; VariantName = "[No Variations]"
Add component (AddParameter): Name = "Composition"; Value = "Potentiometer"; VariantName = "[No Variations]"
Add component (AddParameter): Name = "Datasheet URL"; Value = "http://www.bourns.com/docs/Product-Datasheets/3362.pdf"; VariantName = "[No Variations]"
Add component (AddParameter): Name = "Datasheet Version"; Value = "May-16"; VariantName = "[No Variations]"
Add component (AddParameter): Name = "Lead Pitch"; Value = "2.54mm"; VariantName = "[No Variations]"
Add component (AddParameter): Name = "Manufacturer"; Value = "Bourns"; VariantName = "[No Variations]"
Add component (AddParameter): Name = "Manufacturer URL"; Value = "http://www.bourns.com/"; VariantName = "[No Variations]"
Add component (AddParameter): Name = "Max Operating Temperature"; Value = "125°C"; VariantName = "[No Variations]"
Add component (AddParameter): Name = "Min Operating Temperature"; Value = "-55°C"; VariantName = "[No Variations]"
Add component (AddParameter): Name = "Mounting Technology"; Value = "TH"; VariantName = "[No Variations]"
Add component (AddParameter): Name = "Package Description"; Value = "3-Pin Through Hole Device, Body 6.6 x 6.99 mm, Pitch 2.54 mm"; VariantName = "[No Variations]"
Add component (AddParameter): Name = "Package Quantity"; Value = "250"; VariantName = "[No Variations]"
Add component (AddParameter): Name = "Package Reference"; Value = "3326P"; VariantName = "[No Variations]"
Add component (AddParameter): Name = "Packaging"; Value = "Rail/Tube"; VariantName = "[No Variations]"
Add component (AddParameter): Name = "Pins"; Value = ""; VariantName = "[No Variations]"
Add component (AddParameter): Name = "Power"; Value = "500mW"; VariantName = "[No Variations]"
Add component (AddParameter): Name = "Resistance"; Value = "100k"; VariantName = "[No Variations]"
Add component (AddParameter): Name = "RoHS Compliant"; Value = "True"; VariantName = "[No Variations]"
Add component (AddParameter): Name = "Tolerance"; Value = "10%"; VariantName = "[No Variations]"
Add component (AddParameter): Name = "Value"; Value = ""; VariantName = "[No Variations]"
Add component (AddParameter): Name = "Voltage Rating"; Value = "300V"; VariantName = "[No Variations]"
Add Class Member: Failed to add class member : Component RE1 RPot
Added Member To Class: ClassName=SheetOscilator Member=Component Rpot Potentiometer Custom
Added Member To Class: ClassName=SheetOscilator Member=Component VR? 3362P-1-104LF
